<?xml version="1.0" encoding="UTF-8"?>
<!-- Generated by org.testng.reporters.JUnitXMLReporter -->
<testsuite ignored="0" hostname="GHBPVY01084" failures="0" tests="15" name="Genpro" time="26.907" errors="0" timestamp="2023-06-14T15:36:21 IST">
  <testcase classname="saucedemo.LoginPage" name="loginPageValidUser" time="0.56"/>
  <testcase classname="saucedemo.LoginPage" name="loginPageLockedUser" time="0.221"/>
  <testcase classname="saucedemo.GenproTask" name="verifytitle" time="0.013"/>
  <testcase classname="saucedemo.GenproTask" name="verifyurl" time="0.0"/>
  <testcase classname="saucedemo.GenproTask" name="loginByUser" time="0.266"/>
  <testcase classname="saucedemo.GenproTask" name="priceFilter" time="0.179"/>
  <testcase classname="saucedemo.GenproTask" name="addingItemsToCart" time="0.252"/>
  <testcase classname="saucedemo.GenproTask" name="viewcartList" time="0.049"/>
  <testcase classname="saucedemo.GenproTask" name="removeCartItems" time="0.153"/>
  <testcase classname="saucedemo.GenproTask" name="checkout" time="0.058"/>
  <testcase classname="saucedemo.GenproTask" name="customerInfo_EmptyDataValidation" time="0.177"/>
  <testcase classname="saucedemo.GenproTask" name="customerInfo_validData" time="0.209"/>
  <testcase classname="saucedemo.GenproTask" name="checkoutCompletedValidation" time="0.063"/>
  <testcase classname="saucedemo.GenproTask" name="backToHomePage" time="3.071"/>
  <testcase classname="saucedemo.GenproTask" name="logout" time="0.183"/>
</testsuite> <!-- Genpro -->
