<?xml version="1.0" encoding="UTF-8"?>
<!-- Generated by org.testng.reporters.JUnitXMLReporter -->
<testsuite ignored="0" hostname="GHBPVY01084" failures="0" tests="13" name="Default test" time="15.612" errors="0" timestamp="2023-06-14T15:14:30 IST">
  <testcase classname="saucedemo.GenproTask" name="verifytitle" time="0.574"/>
  <testcase classname="saucedemo.GenproTask" name="verifyurl" time="0.006"/>
  <testcase classname="saucedemo.GenproTask" name="loginPage" time="0.253"/>
  <testcase classname="saucedemo.GenproTask" name="priceFilter" time="1.403"/>
  <testcase classname="saucedemo.GenproTask" name="addingItems" time="0.265"/>
  <testcase classname="saucedemo.GenproTask" name="Addcart" time="0.046"/>
  <testcase classname="saucedemo.GenproTask" name="removeCart" time="0.159"/>
  <testcase classname="saucedemo.GenproTask" name="checkout" time="0.043"/>
  <testcase classname="saucedemo.GenproTask" name="checkoutInfo_EmptyData" time="0.471"/>
  <testcase classname="saucedemo.GenproTask" name="checkoutInfo_valid" time="0.192"/>
  <testcase classname="saucedemo.GenproTask" name="finishValidation" time="0.063"/>
  <testcase classname="saucedemo.GenproTask" name="backToHomePage" time="3.071"/>
  <testcase classname="saucedemo.GenproTask" name="logout" time="0.883"/>
</testsuite> <!-- Default test -->
