<?xml version="1.0" encoding="UTF-8"?>
<testng-results ignored="0" total="2" passed="2" failed="0" skipped="0">
  <reporter-output>
  </reporter-output>
  <suite started-at="2023-06-14T16:20:02 IST" name="Default suite" finished-at="2023-06-14T16:20:18 IST" duration-ms="15456">
    <groups>
    </groups>
    <test started-at="2023-06-14T16:20:02 IST" name="Default test" finished-at="2023-06-14T16:20:18 IST" duration-ms="15456">
      <class name="saucedemo.LoginPage">
        <test-method is-config="true" signature="setup()[pri:0, instance:saucedemo.LoginPage@741a8937]" started-at="2023-06-14T16:20:02 IST" name="setup" finished-at="2023-06-14T16:20:10 IST" duration-ms="7350" status="PASS">
          <reporter-output>
          </reporter-output>
        </test-method> <!-- setup -->
        <test-method signature="loginPageValidUser()[pri:1, instance:saucedemo.LoginPage@741a8937]" started-at="2023-06-14T16:20:10 IST" name="loginPageValidUser" finished-at="2023-06-14T16:20:10 IST" duration-ms="639" status="PASS">
          <reporter-output>
          </reporter-output>
        </test-method> <!-- loginPageValidUser -->
        <test-method is-config="true" signature="closeBrowser()[pri:0, instance:saucedemo.LoginPage@741a8937]" started-at="2023-06-14T16:20:10 IST" name="closeBrowser" finished-at="2023-06-14T16:20:11 IST" duration-ms="296" status="PASS">
          <reporter-output>
          </reporter-output>
        </test-method> <!-- closeBrowser -->
        <test-method is-config="true" signature="setup()[pri:0, instance:saucedemo.LoginPage@741a8937]" started-at="2023-06-14T16:20:11 IST" name="setup" finished-at="2023-06-14T16:20:17 IST" duration-ms="6586" status="PASS">
          <reporter-output>
          </reporter-output>
        </test-method> <!-- setup -->
        <test-method signature="loginPageLockedUser()[pri:2, instance:saucedemo.LoginPage@741a8937]" started-at="2023-06-14T16:20:17 IST" name="loginPageLockedUser" finished-at="2023-06-14T16:20:18 IST" duration-ms="340" status="PASS">
          <reporter-output>
          </reporter-output>
        </test-method> <!-- loginPageLockedUser -->
        <test-method is-config="true" signature="closeBrowser()[pri:0, instance:saucedemo.LoginPage@741a8937]" started-at="2023-06-14T16:20:18 IST" name="closeBrowser" finished-at="2023-06-14T16:20:18 IST" duration-ms="211" status="PASS">
          <reporter-output>
          </reporter-output>
        </test-method> <!-- closeBrowser -->
      </class> <!-- saucedemo.LoginPage -->
    </test> <!-- Default test -->
  </suite> <!-- Default suite -->
</testng-results>
