<?xml version="1.0" encoding="UTF-8"?>
<!-- Generated by org.testng.reporters.JUnitXMLReporter -->
<testsuite ignored="0" hostname="GHBPVY01084" failures="0" tests="15" name="Test" time="33.393" errors="0" timestamp="2023-06-14T15:33:08 IST">
  <testcase classname="saucedemo.LoginPage" name="loginPageValidUser" time="2.266"/>
  <testcase classname="saucedemo.LoginPage" name="loginPageLockedUser" time="0.223"/>
  <testcase classname="saucedemo.GenproTask" name="verifytitle" time="0.016"/>
  <testcase classname="saucedemo.GenproTask" name="verifyurl" time="0.015"/>
  <testcase classname="saucedemo.GenproTask" name="loginByUser" time="0.268"/>
  <testcase classname="saucedemo.GenproTask" name="priceFilter" time="0.172"/>
  <testcase classname="saucedemo.GenproTask" name="addingItemsToCart" time="0.276"/>
  <testcase classname="saucedemo.GenproTask" name="viewcartList" time="0.054"/>
  <testcase classname="saucedemo.GenproTask" name="removeCartItems" time="0.172"/>
  <testcase classname="saucedemo.GenproTask" name="checkout" time="0.047"/>
  <testcase classname="saucedemo.GenproTask" name="customerInfo_EmptyDataValidation" time="0.189"/>
  <testcase classname="saucedemo.GenproTask" name="customerInfo_validData" time="0.203"/>
  <testcase classname="saucedemo.GenproTask" name="checkoutCompletedValidation" time="0.063"/>
  <testcase classname="saucedemo.GenproTask" name="backToHomePage" time="3.078"/>
  <testcase classname="saucedemo.GenproTask" name="logout" time="0.189"/>
</testsuite> <!-- Test -->
